<?xml version="1.0" encoding="UTF-8"?>
<!-- Generated by org.testng.reporters.JUnitXMLReporter -->
<testsuite ignored="0" hostname="DESKTOP-QJ8FUFK" failures="0" tests="3" name="Run on Chrome" time="13.002" errors="0" timestamp="12 Aug 2023 06:54:05 GMT">
  <testcase classname="com.nopcommerce.user.Level_22_Multiple_Enviroment_xml" name="User_01_Register" time="3.932"/>
  <testcase classname="com.nopcommerce.user.Level_22_Multiple_Enviroment_xml" name="User_02_Login" time="1.509"/>
  <testcase classname="com.nopcommerce.user.Level_22_Multiple_Enviroment_xml" name="User_03_MyAccount" time="0.687"/>
</testsuite> <!-- Run on Chrome -->
