<?xml version="1.0" encoding="UTF-8"?>
<!-- Generated by org.testng.reporters.JUnitXMLReporter -->
<testsuite ignored="0" hostname="DESKTOP-QJ8FUFK" failures="0" tests="3" name="Run on Firefox" time="11.078" errors="0" timestamp="10 Aug 2023 07:30:08 GMT">
  <testcase classname="com.nopcommerce.user.Level_21_Driven_Data_json" name="User_01_Register" time="4.335"/>
  <testcase classname="com.nopcommerce.user.Level_21_Driven_Data_json" name="User_02_Login" time="1.537"/>
  <testcase classname="com.nopcommerce.user.Level_21_Driven_Data_json" name="User_03_MyAccount" time="0.725"/>
</testsuite> <!-- Run on Firefox -->
